<?xml version="1.0" encoding="UTF-8"?>
<!-- Generated by org.testng.reporters.JUnitReportReporter -->
<testsuite hostname="pc" failures="0" tests="1" name="practice.Jenkins.ClassDemo" time="12.474" errors="0" timestamp="2022-05-19T11:42:30 IST" skipped="0">
  <testcase classname="practice.Jenkins.ClassDemo" name="mOne" time="12.474"/>
  <system-out/>
</testsuite> <!-- practice.Jenkins.ClassDemo -->
