<?xml version="1.0" encoding="UTF-8"?>
<!-- Generated by org.testng.reporters.JUnitReportReporter -->
<testsuite hostname="pc" failures="0" tests="1" name="practice.Jenkins.ClassDemo" time="26.226" errors="0" timestamp="2022-05-18T14:35:24 IST" skipped="0">
  <testcase classname="practice.Jenkins.ClassDemo" name="mOne" time="26.226"/>
  <system-out/>
</testsuite> <!-- practice.Jenkins.ClassDemo -->
